{"/Users/augustinvincent/Documents/Dev/HETIC-MT4-RPN/src/index.ts": {"path":"/Users/augustinvincent/Documents/Dev/HETIC-MT4-RPN/src/index.ts","statementMap":{"0":{"start":{"line":1,"column":0},"end":{"line":1,"column":48}},"1":{"start":{"line":2,"column":0},"end":{"line":2,"column":60}},"2":{"start":{"line":6,"column":17},"end":{"line":6,"column":38}},"3":{"start":{"line":8,"column":20},"end":{"line":15,"column":4}},"4":{"start":{"line":9,"column":35},"end":{"line":9,"column":null}},"5":{"start":{"line":10,"column":35},"end":{"line":10,"column":null}},"6":{"start":{"line":11,"column":35},"end":{"line":11,"column":null}},"7":{"start":{"line":12,"column":35},"end":{"line":12,"column":null}},"8":{"start":{"line":13,"column":35},"end":{"line":13,"column":null}},"9":{"start":{"line":14,"column":27},"end":{"line":14,"column":null}},"10":{"start":{"line":17,"column":26},"end":{"line":17,"column":28}},"11":{"start":{"line":19,"column":2},"end":{"line":30,"column":null}},"12":{"start":{"line":19,"column":22},"end":{"line":19,"column":28}},"13":{"start":{"line":19,"column":18},"end":{"line":19,"column":22}},"14":{"start":{"line":20,"column":4},"end":{"line":29,"column":null}},"15":{"start":{"line":21,"column":24},"end":{"line":21,"column":40}},"16":{"start":{"line":22,"column":6},"end":{"line":22,"column":41}},"17":{"start":{"line":24,"column":21},"end":{"line":24,"column":38}},"18":{"start":{"line":25,"column":6},"end":{"line":27,"column":null}},"19":{"start":{"line":26,"column":8},"end":{"line":26,"column":46}},"20":{"start":{"line":28,"column":6},"end":{"line":28,"column":25}},"21":{"start":{"line":32,"column":2},"end":{"line":34,"column":null}},"22":{"start":{"line":33,"column":4},"end":{"line":33,"column":42}},"23":{"start":{"line":36,"column":2},"end":{"line":36,"column":22}},"24":{"start":{"line":5,"column":0},"end":{"line":5,"column":16}}},"fnMap":{"0":{"name":"calculateRPN","decl":{"start":{"line":5,"column":16},"end":{"line":5,"column":28}},"loc":{"start":{"line":5,"column":47},"end":{"line":37,"column":1}}},"1":{"name":"(anonymous_1)","decl":{"start":{"line":9,"column":9},"end":{"line":9,"column":10}},"loc":{"start":{"line":9,"column":30},"end":{"line":9,"column":36}}},"2":{"name":"(anonymous_2)","decl":{"start":{"line":10,"column":9},"end":{"line":10,"column":10}},"loc":{"start":{"line":10,"column":30},"end":{"line":10,"column":36}}},"3":{"name":"(anonymous_3)","decl":{"start":{"line":11,"column":9},"end":{"line":11,"column":10}},"loc":{"start":{"line":11,"column":30},"end":{"line":11,"column":36}}},"4":{"name":"(anonymous_4)","decl":{"start":{"line":12,"column":9},"end":{"line":12,"column":10}},"loc":{"start":{"line":12,"column":30},"end":{"line":12,"column":36}}},"5":{"name":"(anonymous_5)","decl":{"start":{"line":13,"column":9},"end":{"line":13,"column":10}},"loc":{"start":{"line":13,"column":30},"end":{"line":13,"column":36}}},"6":{"name":"(anonymous_6)","decl":{"start":{"line":14,"column":12},"end":{"line":14,"column":13}},"loc":{"start":{"line":14,"column":22},"end":{"line":14,"column":28}}}},"branchMap":{"0":{"loc":{"start":{"line":20,"column":4},"end":{"line":29,"column":null}},"type":"if","locations":[{"start":{"line":20,"column":4},"end":{"line":29,"column":null}},{"start":{"line":23,"column":11},"end":{"line":29,"column":null}}]},"1":{"loc":{"start":{"line":25,"column":6},"end":{"line":27,"column":null}},"type":"if","locations":[{"start":{"line":25,"column":6},"end":{"line":27,"column":null}}]},"2":{"loc":{"start":{"line":32,"column":2},"end":{"line":34,"column":null}},"type":"if","locations":[{"start":{"line":32,"column":2},"end":{"line":34,"column":null}}]}},"s":{"0":1,"1":1,"2":14,"3":14,"4":5,"5":3,"6":3,"7":2,"8":2,"9":2,"10":14,"11":14,"12":28,"13":46,"14":46,"15":17,"16":17,"17":29,"18":29,"19":0,"20":29,"21":14,"22":0,"23":14,"24":1},"f":{"0":14,"1":5,"2":3,"3":3,"4":2,"5":2,"6":2},"b":{"0":[17,29],"1":[0],"2":[0]}}
,"/Users/augustinvincent/Documents/Dev/HETIC-MT4-RPN/src/utils/isOperator/index.ts": {"path":"/Users/augustinvincent/Documents/Dev/HETIC-MT4-RPN/src/utils/isOperator/index.ts","statementMap":{"0":{"start":{"line":5,"column":22},"end":{"line":5,"column":59}},"1":{"start":{"line":6,"column":4},"end":{"line":6,"column":37}},"2":{"start":{"line":4,"column":0},"end":{"line":4,"column":16}}},"fnMap":{"0":{"name":"isOperator","decl":{"start":{"line":4,"column":16},"end":{"line":4,"column":26}},"loc":{"start":{"line":4,"column":40},"end":{"line":7,"column":3}}}},"branchMap":{},"s":{"0":49,"1":49,"2":2},"f":{"0":49},"b":{}}
,"/Users/augustinvincent/Documents/Dev/HETIC-MT4-RPN/src/utils/performOperation/index.ts": {"path":"/Users/augustinvincent/Documents/Dev/HETIC-MT4-RPN/src/utils/performOperation/index.ts","statementMap":{"0":{"start":{"line":2,"column":4},"end":{"line":21,"column":null}},"1":{"start":{"line":3,"column":16},"end":{"line":3,"column":27}},"2":{"start":{"line":4,"column":16},"end":{"line":4,"column":27}},"3":{"start":{"line":6,"column":6},"end":{"line":8,"column":null}},"4":{"start":{"line":7,"column":8},"end":{"line":7,"column":46}},"5":{"start":{"line":10,"column":21},"end":{"line":10,"column":36}},"6":{"start":{"line":11,"column":6},"end":{"line":11,"column":25}},"7":{"start":{"line":13,"column":16},"end":{"line":13,"column":27}},"8":{"start":{"line":15,"column":6},"end":{"line":17,"column":null}},"9":{"start":{"line":16,"column":8},"end":{"line":16,"column":46}},"10":{"start":{"line":19,"column":21},"end":{"line":19,"column":33}},"11":{"start":{"line":20,"column":6},"end":{"line":20,"column":25}},"12":{"start":{"line":1,"column":0},"end":{"line":1,"column":16}}},"fnMap":{"0":{"name":"performOperation","decl":{"start":{"line":1,"column":16},"end":{"line":1,"column":32}},"loc":{"start":{"line":1,"column":94},"end":{"line":22,"column":3}}}},"branchMap":{"0":{"loc":{"start":{"line":2,"column":4},"end":{"line":21,"column":null}},"type":"if","locations":[{"start":{"line":2,"column":4},"end":{"line":21,"column":null}},{"start":{"line":12,"column":11},"end":{"line":21,"column":null}}]},"1":{"loc":{"start":{"line":6,"column":6},"end":{"line":8,"column":null}},"type":"if","locations":[{"start":{"line":6,"column":6},"end":{"line":8,"column":null}}]},"2":{"loc":{"start":{"line":6,"column":10},"end":{"line":6,"column":44}},"type":"binary-expr","locations":[{"start":{"line":6,"column":10},"end":{"line":6,"column":25}},{"start":{"line":6,"column":29},"end":{"line":6,"column":44}}]},"3":{"loc":{"start":{"line":15,"column":6},"end":{"line":17,"column":null}},"type":"if","locations":[{"start":{"line":15,"column":6},"end":{"line":17,"column":null}}]}},"s":{"0":24,"1":21,"2":21,"3":21,"4":0,"5":21,"6":21,"7":3,"8":3,"9":0,"10":3,"11":3,"12":2},"f":{"0":24},"b":{"0":[21,3],"1":[0],"2":[21,21],"3":[0]}}
}
