TN:
SF:src/index.ts
FN:5,calculateRPN
FN:9,(anonymous_1)
FN:10,(anonymous_2)
FN:11,(anonymous_3)
FN:12,(anonymous_4)
FN:13,(anonymous_5)
FN:14,(anonymous_6)
FNF:7
FNH:7
FNDA:14,calculateRPN
FNDA:5,(anonymous_1)
FNDA:3,(anonymous_2)
FNDA:3,(anonymous_3)
FNDA:2,(anonymous_4)
FNDA:2,(anonymous_5)
FNDA:2,(anonymous_6)
DA:1,1
DA:2,1
DA:5,1
DA:6,14
DA:8,14
DA:9,5
DA:10,3
DA:11,3
DA:12,2
DA:13,2
DA:14,2
DA:17,14
DA:19,46
DA:20,46
DA:21,17
DA:22,17
DA:24,29
DA:25,29
DA:26,0
DA:28,29
DA:32,14
DA:33,0
DA:36,14
LF:23
LH:21
BRDA:20,0,0,17
BRDA:20,0,1,29
BRDA:25,1,0,0
BRDA:32,2,0,0
BRF:4
BRH:2
end_of_record
TN:
SF:src/utils/isOperator/index.ts
FN:4,isOperator
FNF:1
FNH:1
FNDA:49,isOperator
DA:4,2
DA:5,49
DA:6,49
LF:3
LH:3
BRF:0
BRH:0
end_of_record
TN:
SF:src/utils/performOperation/index.ts
FN:1,performOperation
FNF:1
FNH:1
FNDA:24,performOperation
DA:1,2
DA:2,24
DA:3,21
DA:4,21
DA:6,21
DA:7,0
DA:10,21
DA:11,21
DA:13,3
DA:15,3
DA:16,0
DA:19,3
DA:20,3
LF:13
LH:11
BRDA:2,0,0,21
BRDA:2,0,1,3
BRDA:6,1,0,0
BRDA:6,2,0,21
BRDA:6,2,1,21
BRDA:15,3,0,0
BRF:6
BRH:4
end_of_record
