TN:
SF:src/index.ts
FN:5,calculateRPN
FNF:1
FNH:1
FNDA:18,calculateRPN
DA:1,1
DA:2,1
DA:5,1
DA:6,18
DA:8,18
DA:10,64
DA:11,64
DA:12,64
DA:14,22
DA:16,41
DA:17,41
DA:18,1
DA:20,40
DA:24,4
DA:29,14
DA:30,1
DA:33,13
LF:17
LH:17
BRDA:12,0,0,22
BRDA:12,0,1,41
BRDA:17,1,0,1
BRDA:29,2,0,1
BRF:4
BRH:4
end_of_record
TN:
SF:src/utils/isOperator/index.ts
FN:4,isOperator
FNF:1
FNH:1
FNDA:68,isOperator
DA:4,2
DA:5,68
DA:6,68
DA:7,1
DA:9,67
DA:10,1
DA:13,66
DA:15,23
DA:18,43
LF:9
LH:9
BRDA:6,0,0,1
BRDA:9,1,0,1
BRDA:9,2,0,67
BRDA:9,2,1,5
BRDA:13,3,0,23
BRDA:13,3,1,43
BRF:6
BRH:6
end_of_record
TN:
SF:src/utils/performOperation/index.ts
FN:1,performOperation
FN:3,(anonymous_1)
FN:4,(anonymous_2)
FN:5,(anonymous_3)
FN:6,(anonymous_4)
FN:7,(anonymous_5)
FN:8,(anonymous_6)
FNF:7
FNH:7
FNDA:30,performOperation
FNDA:7,(anonymous_1)
FNDA:5,(anonymous_2)
FNDA:6,(anonymous_3)
FNDA:3,(anonymous_4)
FNDA:3,(anonymous_5)
FNDA:2,(anonymous_6)
DA:1,2
DA:2,30
DA:3,7
DA:4,5
DA:5,6
DA:6,3
DA:7,3
DA:8,2
DA:11,30
DA:12,2
DA:13,2
DA:14,2
DA:16,28
DA:17,28
DA:18,28
DA:19,3
DA:22,25
DA:23,1
DA:26,24
DA:27,24
LF:20
LH:20
BRDA:11,0,0,2
BRDA:11,0,1,28
BRDA:18,1,0,3
BRDA:18,2,0,28
BRDA:18,2,1,6
BRDA:22,3,0,1
BRDA:22,4,0,25
BRDA:22,4,1,24
BRF:8
BRH:8
end_of_record
